<?xml version="1.0" encoding="UTF-8"?>
<!-- Generated by org.testng.reporters.JUnitReportReporter -->
<testsuite hostname="Adityas-MacBook-Pro.local" failures="0" tests="1" name="ecommerceautomation.tests.TestCaseTwo" time="18.890" errors="0" timestamp="2025-10-04T02:54:41 IST" skipped="0">
  <testcase classname="ecommerceautomation.tests.TestCaseTwo" name="ValidUserLoginTestTwo" time="18.890"/>
</testsuite> <!-- ecommerceautomation.tests.TestCaseTwo -->
