<?xml version="1.0" encoding="UTF-8"?>
<!-- Generated by org.testng.reporters.JUnitReportReporter -->
<testsuite hostname="MacBookPro.lan" failures="0" tests="2" name="ecommerceautomation.tests.LoginTest" time="84.121" errors="0" timestamp="2025-09-25T14:40:38 IST" skipped="0">
  <testcase classname="ecommerceautomation.tests.LoginTest" name="invalidUserLoginTest" time="15.449"/>
  <testcase classname="ecommerceautomation.tests.LoginTest" name="validUserLoginTest" time="68.672"/>
</testsuite> <!-- ecommerceautomation.tests.LoginTest -->
