<?xml version="1.0" encoding="UTF-8"?>
<!-- Generated by org.testng.reporters.JUnitReportReporter -->
<testsuite hostname="Adityas-MacBook-Pro.local" failures="0" tests="1" name="ecommerceautomation.tests.ProductTest" time="47.794" errors="0" timestamp="2025-10-02T14:30:38 IST" skipped="0">
  <testcase classname="ecommerceautomation.tests.ProductTest" name="searchAndAddProductToCart" time="47.794"/>
</testsuite> <!-- ecommerceautomation.tests.ProductTest -->
