<?xml version="1.0" encoding="UTF-8"?>
<!-- Generated by org.testng.reporters.JUnitReportReporter -->
<testsuite hostname="MacBookPro.lan" failures="0" tests="1" name="ecommerceautomation.tests.OrderConfirmationTest" time="91.732" errors="0" timestamp="2025-09-23T23:36:23 IST" skipped="0">
  <testcase classname="ecommerceautomation.tests.OrderConfirmationTest" name="verifyOrderConfirmation" time="91.732"/>
</testsuite> <!-- ecommerceautomation.tests.OrderConfirmationTest -->
