<?xml version="1.0" encoding="UTF-8"?>
<!-- Generated by org.testng.reporters.JUnitReportReporter -->
<testsuite hostname="MacBookPro.lan" failures="0" tests="2" name="ecommerceautomation.tests.CartTest" time="93.798" errors="0" timestamp="2025-09-25T19:17:32 IST" skipped="0">
  <testcase classname="ecommerceautomation.tests.CartTest" name="verifyCartOperations" time="58.677"/>
  <testcase classname="ecommerceautomation.tests.CartTest" name="proceedToCheckoutFlow" time="35.121"/>
</testsuite> <!-- ecommerceautomation.tests.CartTest -->
