<?xml version="1.0" encoding="UTF-8"?>
<!-- Generated by org.testng.reporters.JUnitReportReporter -->
<testsuite hostname="Adityas-MacBook-Pro.local" failures="0" tests="1" name="ecommerceautomation.tests.TestCaseNine" time="25.207" errors="0" timestamp="2025-10-04T02:54:41 IST" skipped="0">
  <testcase classname="ecommerceautomation.tests.TestCaseNine" name="SearchProductTestNine" time="25.207"/>
</testsuite> <!-- ecommerceautomation.tests.TestCaseNine -->
