<?xml version="1.0" encoding="UTF-8"?>
<!-- Generated by org.testng.reporters.JUnitReportReporter -->
<testsuite hostname="MacBookPro.lan" failures="0" tests="2" name="ecommerceautomation.tests.CartTest" time="38.583" errors="0" timestamp="2025-09-23T00:59:15 IST" skipped="0">
  <testcase classname="ecommerceautomation.tests.CartTest" name="proceedToCheckoutFlow" time="19.417"/>
  <testcase classname="ecommerceautomation.tests.CartTest" name="verifyCartOperations" time="19.166"/>
</testsuite> <!-- ecommerceautomation.tests.CartTest -->
