<?xml version="1.0" encoding="UTF-8"?>
<!-- Generated by org.testng.reporters.JUnitReportReporter -->
<testsuite hostname="Adityas-MacBook-Pro.local" failures="0" tests="2" name="ecommerceautomation.tests.CartTest" time="110.432" errors="0" timestamp="2025-10-04T03:05:49 IST" skipped="0">
  <testcase classname="ecommerceautomation.tests.CartTest" name="proceedToCheckoutFlow" time="79.062"/>
  <testcase classname="ecommerceautomation.tests.CartTest" name="verifyCartOperations" time="31.370"/>
</testsuite> <!-- ecommerceautomation.tests.CartTest -->
