<?xml version="1.0" encoding="UTF-8"?>
<!-- Generated by org.testng.reporters.JUnitReportReporter -->
<testsuite hostname="Adityas-MacBook-Pro.local" failures="0" tests="1" name="ecommerceautomation.tests.QuickRunTest" time="32.276" errors="0" timestamp="2025-09-15T12:41:57 IST" skipped="0">
  <testcase classname="ecommerceautomation.tests.QuickRunTest" name="quickTest" time="32.276"/>
</testsuite> <!-- ecommerceautomation.tests.QuickRunTest -->
