<?xml version="1.0" encoding="UTF-8"?>
<!-- Generated by org.testng.reporters.JUnitReportReporter -->
<testsuite hostname="Adityas-MacBook-Pro.local" failures="0" tests="1" name="ecommerceautomation.tests.ProductTest" time="16.482" errors="0" timestamp="2025-09-19T16:33:27 IST" skipped="0">
  <testcase classname="ecommerceautomation.tests.ProductTest" name="searchAndAddProductToCart" time="16.482"/>
</testsuite> <!-- ecommerceautomation.tests.ProductTest -->
