<?xml version="1.0" encoding="UTF-8"?>
<!-- Generated by org.testng.reporters.JUnitReportReporter -->
<testsuite hostname="Adityas-MacBook-Pro.local" failures="0" tests="1" name="ecommerceautomation.tests.TestCaseNineteen" time="33.497" errors="0" timestamp="2025-10-04T02:54:41 IST" skipped="0">
  <testcase classname="ecommerceautomation.tests.TestCaseNineteen" name="BrandAndCategoryTestNineteen" time="33.497"/>
</testsuite> <!-- ecommerceautomation.tests.TestCaseNineteen -->
