<?xml version="1.0" encoding="UTF-8"?>
<!-- Generated by org.testng.reporters.JUnitReportReporter -->
<testsuite hostname="MacBookPro.lan" failures="0" tests="1" name="ecommerceautomation.tests.PaymentTest" time="167.360" errors="0" timestamp="2025-09-25T16:52:28 IST" skipped="0">
  <testcase classname="ecommerceautomation.tests.PaymentTest" name="completePaymentFlow" time="167.360"/>
</testsuite> <!-- ecommerceautomation.tests.PaymentTest -->
