<?xml version="1.0" encoding="UTF-8"?>
<!-- Generated by org.testng.reporters.JUnitReportReporter -->
<testsuite hostname="Adityas-MacBook-Pro.local" failures="0" tests="3" name="ecommerceautomation.tests.HomePageTest" time="38.510" errors="0" timestamp="2025-09-19T16:36:11 IST" skipped="0">
  <testcase classname="ecommerceautomation.tests.HomePageTest" name="verifyLogoutFunctionality" time="14.928"/>
  <testcase classname="ecommerceautomation.tests.HomePageTest" name="navigateToProductsPage" time="11.316"/>
  <testcase classname="ecommerceautomation.tests.HomePageTest" name="verifyUserIsLoggedIn" time="12.266"/>
</testsuite> <!-- ecommerceautomation.tests.HomePageTest -->
