<?xml version="1.0" encoding="UTF-8"?>
<!-- Generated by org.testng.reporters.JUnitReportReporter -->
<testsuite hostname="Adityas-MacBook-Pro.local" failures="0" tests="2" name="ecommerceautomation.tests.LoginTest" time="27.306" errors="0" timestamp="2025-09-19T16:35:16 IST" skipped="0">
  <testcase classname="ecommerceautomation.tests.LoginTest" name="validUserLoginTest" time="12.965"/>
  <testcase classname="ecommerceautomation.tests.LoginTest" name="invalidUserLoginTest" time="14.341"/>
</testsuite> <!-- ecommerceautomation.tests.LoginTest -->
