<?xml version="1.0" encoding="UTF-8"?>
<!-- Generated by org.testng.reporters.JUnitReportReporter -->
<testsuite hostname="MacBookPro.lan" failures="0" tests="1" name="ecommerceautomation.tests.CategoryBrandTest" time="8.909" errors="0" timestamp="2025-09-23T00:15:07 IST" skipped="0">
  <testcase classname="ecommerceautomation.tests.CategoryBrandTest" name="checkCategoryAndBrand" time="8.909"/>
</testsuite> <!-- ecommerceautomation.tests.CategoryBrandTest -->
