<?xml version="1.0" encoding="UTF-8"?>
<!-- Generated by org.testng.reporters.JUnitReportReporter -->
<testsuite hostname="MacBookPro.lan" failures="0" tests="1" name="ecommerceautomation.tests.CartTest" time="25.203" errors="0" timestamp="2025-09-25T16:27:32 IST" skipped="0">
  <testcase classname="ecommerceautomation.tests.CartTest" name="verifyCartOperations" time="25.203"/>
</testsuite> <!-- ecommerceautomation.tests.CartTest -->
