<?xml version="1.0" encoding="UTF-8"?>
<!-- Generated by org.testng.reporters.JUnitReportReporter -->
<testsuite hostname="MacBookPro.lan" failures="0" tests="2" name="ecommerceautomation.tests.LoginTest" time="59.816" errors="0" timestamp="2025-09-21T17:32:09 IST" skipped="0">
  <testcase classname="ecommerceautomation.tests.LoginTest" name="invalidUserLoginTest" time="30.932"/>
  <testcase classname="ecommerceautomation.tests.LoginTest" name="validUserLoginTest" time="28.884"/>
</testsuite> <!-- ecommerceautomation.tests.LoginTest -->
