<?xml version="1.0" encoding="UTF-8"?>
<!-- Generated by org.testng.reporters.JUnitReportReporter -->
<testsuite hostname="Adityas-MacBook-Pro.local" failures="0" tests="1" name="ecommerceautomation.tests.CheckoutTest" time="26.984" errors="0" timestamp="2025-09-19T16:37:10 IST" skipped="0">
  <testcase classname="ecommerceautomation.tests.CheckoutTest" name="placeOrderTest" time="26.984"/>
</testsuite> <!-- ecommerceautomation.tests.CheckoutTest -->
