<?xml version="1.0" encoding="UTF-8"?>
<!-- Generated by org.testng.reporters.JUnitReportReporter -->
<testsuite hostname="MacBookPro.lan" failures="0" tests="3" name="Cucumber.CucumberTestRunner" time="56.995" errors="0" timestamp="2025-09-22T19:20:46 IST" skipped="0">
  <testcase classname="Cucumber.CucumberTestRunner" name="runScenario" time="44.199"/>
  <testcase classname="Cucumber.CucumberTestRunner" name="runScenario" time="2.814"/>
  <testcase classname="Cucumber.CucumberTestRunner" name="runScenario" time="9.982"/>
</testsuite> <!-- Cucumber.CucumberTestRunner -->
