<?xml version="1.0" encoding="UTF-8"?>
<!-- Generated by org.testng.reporters.JUnitReportReporter -->
<testsuite hostname="MacBookPro.lan" failures="0" tests="1" name="ecommerceautomation.tests.SignupPageTest" time="12.868" errors="0" timestamp="2025-09-23T00:24:03 IST" skipped="0">
  <testcase classname="ecommerceautomation.tests.SignupPageTest" name="registerNewUserTest" time="12.868"/>
</testsuite> <!-- ecommerceautomation.tests.SignupPageTest -->
