<?xml version="1.0" encoding="UTF-8"?>
<!-- Generated by org.testng.reporters.JUnitReportReporter -->
<testsuite hostname="MacBookPro.lan" failures="0" tests="1" name="ecommerceautomation.tests.ProductTest" time="32.768" errors="0" timestamp="2025-09-27T13:59:08 IST" skipped="0">
  <testcase classname="ecommerceautomation.tests.ProductTest" name="searchAndAddProductToCart" time="32.768"/>
</testsuite> <!-- ecommerceautomation.tests.ProductTest -->
