<?xml version="1.0" encoding="UTF-8"?>
<!-- Generated by org.testng.reporters.JUnitReportReporter -->
<testsuite hostname="Adityas-MacBook-Pro.local" failures="0" tests="1" name="ecommerceautomation.tests.PaymentTest" time="78.303" errors="0" timestamp="2025-10-02T16:06:07 IST" skipped="0">
  <testcase classname="ecommerceautomation.tests.PaymentTest" name="completePaymentFlow" time="78.303"/>
</testsuite> <!-- ecommerceautomation.tests.PaymentTest -->
