<?xml version="1.0" encoding="UTF-8"?>
<!-- Generated by org.testng.reporters.JUnitReportReporter -->
<testsuite hostname="Adityas-MacBook-Pro.local" failures="0" tests="1" name="ecommerceautomation.tests.TestCaseSeventeen" time="38.102" errors="0" timestamp="2025-10-04T02:57:06 IST" skipped="0">
  <testcase classname="ecommerceautomation.tests.TestCaseSeventeen" name="RemoveProductFromCartTestSeventeen" time="38.102"/>
</testsuite> <!-- ecommerceautomation.tests.TestCaseSeventeen -->
