<?xml version="1.0" encoding="UTF-8"?>
<!-- Generated by org.testng.reporters.JUnitReportReporter -->
<testsuite hostname="Adityas-MacBook-Pro.local" failures="0" tests="1" name="ecommerceautomation.tests.TestCaseFour" time="11.522" errors="0" timestamp="2025-10-04T02:54:41 IST" skipped="0">
  <testcase classname="ecommerceautomation.tests.TestCaseFour" name="UserLogoutTestFour" time="11.522"/>
</testsuite> <!-- ecommerceautomation.tests.TestCaseFour -->
