<?xml version="1.0" encoding="UTF-8"?>
<!-- Generated by org.testng.reporters.JUnitReportReporter -->
<testsuite hostname="Adityas-MacBook-Pro.local" failures="0" tests="1" name="ecommerceautomation.tests.ContactUsPageTest" time="10.709" errors="0" timestamp="2025-10-04T03:06:35 IST" skipped="0">
  <testcase classname="ecommerceautomation.tests.ContactUsPageTest" name="contactPageTest" time="10.709"/>
</testsuite> <!-- ecommerceautomation.tests.ContactUsPageTest -->
