<?xml version="1.0" encoding="UTF-8"?>
<!-- Generated by org.testng.reporters.JUnitReportReporter -->
<testsuite hostname="MacBookPro.lan" failures="0" tests="1" name="ecommerceautomation.tests.OrderConfirmationTest" time="51.691" errors="0" timestamp="2025-09-25T16:52:28 IST" skipped="0">
  <testcase classname="ecommerceautomation.tests.OrderConfirmationTest" name="verifyOrderConfirmation" time="51.691"/>
</testsuite> <!-- ecommerceautomation.tests.OrderConfirmationTest -->
