<?xml version="1.0" encoding="UTF-8"?>
<!-- Generated by org.testng.reporters.JUnitReportReporter -->
<testsuite hostname="Adityas-MacBook-Pro.local" failures="0" tests="1" name="ecommerceautomation.tests.SignupPageTest" time="18.694" errors="0" timestamp="2025-09-19T16:58:11 IST" skipped="0">
  <testcase classname="ecommerceautomation.tests.SignupPageTest" name="registerNewUserTest" time="18.694"/>
</testsuite> <!-- ecommerceautomation.tests.SignupPageTest -->
