<?xml version="1.0" encoding="UTF-8"?>
<!-- Generated by org.testng.reporters.JUnitReportReporter -->
<testsuite hostname="Adityas-MacBook-Pro.local" failures="0" tests="1" name="ecommerceautomation.tests.PaymentTest" time="49.888" errors="0" timestamp="2025-09-19T18:23:53 IST" skipped="0">
  <testcase classname="ecommerceautomation.tests.PaymentTest" name="completePaymentFlow" time="49.888"/>
</testsuite> <!-- ecommerceautomation.tests.PaymentTest -->
