<?xml version="1.0" encoding="UTF-8"?>
<!-- Generated by org.testng.reporters.JUnitReportReporter -->
<testsuite hostname="MacBookPro.lan" failures="0" tests="1" name="ecommerceautomation.tests.ProductTest" time="31.497" errors="0" timestamp="2025-09-23T00:25:44 IST" skipped="0">
  <testcase classname="ecommerceautomation.tests.ProductTest" name="searchAndAddProductToCart" time="31.497"/>
</testsuite> <!-- ecommerceautomation.tests.ProductTest -->
