<?xml version="1.0" encoding="UTF-8"?>
<!-- Generated by org.testng.reporters.JUnitReportReporter -->
<testsuite hostname="MacBookPro.lan" failures="0" tests="1" name="ecommerceautomation.tests.SignupPageTest" time="17.773" errors="0" timestamp="2025-09-21T17:24:54 IST" skipped="0">
  <testcase classname="ecommerceautomation.tests.SignupPageTest" name="registerNewUserTest" time="17.773"/>
</testsuite> <!-- ecommerceautomation.tests.SignupPageTest -->
