<?xml version="1.0" encoding="UTF-8"?>
<!-- Generated by org.testng.reporters.JUnitReportReporter -->
<testsuite hostname="Adityas-MacBook-Pro.local" failures="0" tests="2" name="ecommerceautomation.tests.LoginTest" time="45.369" errors="0" timestamp="2025-10-02T14:05:24 IST" skipped="0">
  <testcase classname="ecommerceautomation.tests.LoginTest" name="invalidUserLoginTest" time="27.705"/>
  <testcase classname="ecommerceautomation.tests.LoginTest" name="validUserLoginTest" time="17.664"/>
</testsuite> <!-- ecommerceautomation.tests.LoginTest -->
