<?xml version="1.0" encoding="UTF-8"?>
<!-- Generated by org.testng.reporters.JUnitReportReporter -->
<testsuite hostname="MacBookPro.lan" failures="0" tests="1" name="ecommerceautomation.tests.CategoryBrandTest" time="53.524" errors="0" timestamp="2025-09-25T17:02:06 IST" skipped="0">
  <testcase classname="ecommerceautomation.tests.CategoryBrandTest" name="checkCategoryAndBrand" time="53.524"/>
</testsuite> <!-- ecommerceautomation.tests.CategoryBrandTest -->
