<?xml version="1.0" encoding="UTF-8"?>
<!-- Generated by org.testng.reporters.JUnitReportReporter -->
<testsuite hostname="MacBookPro.lan" failures="0" tests="4" name="Cucumber.CucumberTestRunner" time="60.536" errors="0" timestamp="2025-09-25T14:04:54 IST" skipped="0">
  <testcase classname="Cucumber.CucumberTestRunner" name="runScenario" time="2.465"/>
  <testcase classname="Cucumber.CucumberTestRunner" name="runScenario" time="37.600"/>
  <testcase classname="Cucumber.CucumberTestRunner" name="runScenario" time="11.726"/>
  <testcase classname="Cucumber.CucumberTestRunner" name="runScenario" time="8.745"/>
</testsuite> <!-- Cucumber.CucumberTestRunner -->
