<?xml version="1.0" encoding="UTF-8"?>
<!-- Generated by org.testng.reporters.JUnitReportReporter -->
<testsuite hostname="Adityas-MacBook-Pro.local" failures="0" tests="1" name="ecommerceautomation.tests.CategoryBrandTest" time="67.517" errors="0" timestamp="2025-10-01T19:20:05 IST" skipped="0">
  <testcase classname="ecommerceautomation.tests.CategoryBrandTest" name="checkCategoryAndBrand" time="67.517"/>
</testsuite> <!-- ecommerceautomation.tests.CategoryBrandTest -->
