<?xml version="1.0" encoding="UTF-8"?>
<!-- Generated by org.testng.reporters.JUnitReportReporter -->
<testsuite hostname="Adityas-MacBook-Pro.local" failures="0" tests="1" name="ecommerceautomation.tests.TestCaseSixteen" time="40.657" errors="0" timestamp="2025-10-04T02:54:41 IST" skipped="0">
  <testcase classname="ecommerceautomation.tests.TestCaseSixteen" name="LoginBeforeCheckoutTestSixteen" time="40.657"/>
</testsuite> <!-- ecommerceautomation.tests.TestCaseSixteen -->
