<?xml version="1.0" encoding="UTF-8"?>
<!-- Generated by org.testng.reporters.JUnitReportReporter -->
<testsuite hostname="MacBookPro.lan" failures="0" tests="1" name="ecommerceautomation.tests.AccountInformationPageTest" time="20.420" errors="0" timestamp="2025-09-25T15:03:58 IST" skipped="0">
  <testcase classname="ecommerceautomation.tests.AccountInformationPageTest" name="registerNewUserTest" time="20.420"/>
</testsuite> <!-- ecommerceautomation.tests.AccountInformationPageTest -->
