<?xml version="1.0" encoding="UTF-8"?>
<!-- Generated by org.testng.reporters.JUnitReportReporter -->
<testsuite hostname="MacBookPro.lan" failures="0" tests="1" name="ecommerceautomation.tests.PaymentTest" time="61.994" errors="0" timestamp="2025-09-25T19:20:40 IST" skipped="0">
  <testcase classname="ecommerceautomation.tests.PaymentTest" name="completePaymentFlow" time="61.994"/>
</testsuite> <!-- ecommerceautomation.tests.PaymentTest -->
