<?xml version="1.0" encoding="UTF-8"?>
<!-- Generated by org.testng.reporters.JUnitReportReporter -->
<testsuite hostname="Adityas-MacBook-Pro.local" failures="0" tests="1" name="ecommerceautomation.tests.SignupPageTest" time="25.250" errors="0" timestamp="2025-10-02T14:05:24 IST" skipped="0">
  <testcase classname="ecommerceautomation.tests.SignupPageTest" name="registerNewUserTest" time="25.250"/>
</testsuite> <!-- ecommerceautomation.tests.SignupPageTest -->
