<?xml version="1.0" encoding="UTF-8"?>
<!-- Generated by org.testng.reporters.JUnitReportReporter -->
<testsuite hostname="MacBookPro.lan" failures="0" tests="2" name="ecommerceautomation.tests.SignupPageTest" time="77.630" errors="0" timestamp="2025-09-23T23:21:58 IST" skipped="0">
  <testcase classname="ecommerceautomation.tests.SignupPageTest" name="registerNewUserTest" time="28.447"/>
  <testcase classname="ecommerceautomation.tests.SignupPageTest" name="accountDeletionCheck" time="49.183"/>
</testsuite> <!-- ecommerceautomation.tests.SignupPageTest -->
