<?xml version="1.0" encoding="UTF-8"?>
<!-- Generated by org.testng.reporters.JUnitReportReporter -->
<testsuite hostname="Adityas-MacBook-Pro.local" failures="0" tests="1" name="ecommerceautomation.tests.AccountInformationPageTest" time="13.002" errors="0" timestamp="2025-10-04T03:03:46 IST" skipped="0">
  <testcase classname="ecommerceautomation.tests.AccountInformationPageTest" name="newAccountTest" time="13.002"/>
</testsuite> <!-- ecommerceautomation.tests.AccountInformationPageTest -->
