<?xml version="1.0" encoding="UTF-8"?>
<!-- Generated by org.testng.reporters.JUnitReportReporter -->
<testsuite hostname="Adityas-MacBook-Pro.local" failures="0" tests="2" name="ecommerceautomation.tests.CartTest" time="43.982" errors="0" timestamp="2025-09-19T16:39:48 IST" skipped="0">
  <testcase classname="ecommerceautomation.tests.CartTest" name="verifyCartOperations" time="15.793"/>
  <testcase classname="ecommerceautomation.tests.CartTest" name="proceedToCheckoutFlow" time="28.189"/>
</testsuite> <!-- ecommerceautomation.tests.CartTest -->
