<?xml version="1.0" encoding="UTF-8"?>
<!-- Generated by org.testng.reporters.JUnitReportReporter -->
<testsuite hostname="MacBookPro.lan" failures="0" tests="1" name="ecommerceautomation.tests.PaymentTest" time="41.178" errors="0" timestamp="2025-09-23T01:03:48 IST" skipped="0">
  <testcase classname="ecommerceautomation.tests.PaymentTest" name="completePaymentFlow" time="41.178"/>
</testsuite> <!-- ecommerceautomation.tests.PaymentTest -->
