<?xml version="1.0" encoding="UTF-8"?>
<!-- Generated by org.testng.reporters.JUnitReportReporter -->
<testsuite hostname="MacBookPro.lan" failures="0" tests="1" name="ecommerceautomation.tests.CheckoutTest" time="101.440" errors="0" timestamp="2025-09-25T16:52:28 IST" skipped="0">
  <testcase classname="ecommerceautomation.tests.CheckoutTest" name="placeOrderTest" time="101.440"/>
</testsuite> <!-- ecommerceautomation.tests.CheckoutTest -->
