<?xml version="1.0" encoding="UTF-8"?>
<!-- Generated by org.testng.reporters.JUnitReportReporter -->
<testsuite hostname="MacBookPro.lan" failures="0" tests="2" name="ecommerceautomation.tests.LoginTest" time="30.152" errors="0" timestamp="2025-09-23T00:25:00 IST" skipped="0">
  <testcase classname="ecommerceautomation.tests.LoginTest" name="validUserLoginTest" time="13.913"/>
  <testcase classname="ecommerceautomation.tests.LoginTest" name="invalidUserLoginTest" time="16.239"/>
</testsuite> <!-- ecommerceautomation.tests.LoginTest -->
