<?xml version="1.0" encoding="UTF-8"?>
<!-- Generated by org.testng.reporters.JUnitReportReporter -->
<testsuite hostname="MacBookPro.lan" failures="0" tests="1" name="ecommerceautomation.tests.CategoryBrandTest" time="30.212" errors="0" timestamp="2025-09-23T23:29:04 IST" skipped="0">
  <testcase classname="ecommerceautomation.tests.CategoryBrandTest" name="checkCategoryAndBrand" time="30.212"/>
</testsuite> <!-- ecommerceautomation.tests.CategoryBrandTest -->
