<?xml version="1.0" encoding="UTF-8"?>
<!-- Generated by org.testng.reporters.JUnitReportReporter -->
<testsuite hostname="Adityas-MacBook-Pro.local" failures="0" tests="1" name="ecommerceautomation.tests.OrderConfirmationTest" time="38.954" errors="0" timestamp="2025-09-19T18:24:59 IST" skipped="0">
  <testcase classname="ecommerceautomation.tests.OrderConfirmationTest" name="verifyOrderConfirmation" time="38.954"/>
</testsuite> <!-- ecommerceautomation.tests.OrderConfirmationTest -->
